<?xml version="1.0" encoding="UTF-8"?>
<testng-results skipped="0" failed="0" ignored="0" total="2" passed="2">
  <reporter-output>
  </reporter-output>
  <suite name="Suite" duration-ms="30862" started-at="2021-05-23T07:23:09Z" finished-at="2021-05-23T07:23:40Z">
    <groups>
    </groups>
    <test name="Test" duration-ms="30862" started-at="2021-05-23T07:23:09Z" finished-at="2021-05-23T07:23:40Z">
      <class name="JenkinsLayer.LaunchTestTwitter">
        <test-method status="PASS" signature="LaunchFB()[pri:0, instance:JenkinsLayer.LaunchTestTwitter@9838eb]" name="LaunchFB" duration-ms="5213" started-at="2021-05-23T07:23:35Z" finished-at="2021-05-23T07:23:40Z">
          <reporter-output>
          </reporter-output>
        </test-method> <!-- LaunchFB -->
      </class> <!-- JenkinsLayer.LaunchTestTwitter -->
      <class name="JenkinsLayer.LaunchTestFB">
        <test-method status="PASS" signature="LaunchFB()[pri:0, instance:JenkinsLayer.LaunchTestFB@11053e1]" name="LaunchFB" duration-ms="24998" started-at="2021-05-23T07:23:10Z" finished-at="2021-05-23T07:23:35Z">
          <reporter-output>
          </reporter-output>
        </test-method> <!-- LaunchFB -->
      </class> <!-- JenkinsLayer.LaunchTestFB -->
    </test> <!-- Test -->
  </suite> <!-- Suite -->
</testng-results>
